<?xml version="1.0" encoding="UTF-8"?>
<!-- Generated by org.testng.reporters.JUnitReportReporter -->
<testsuite hostname="Sais-MacBook-Pro-3.local" failures="0" tests="1" name="Testng_Login.TC_1" time="133.106" errors="0" timestamp="24 Oct 2018 18:51:05 GMT" skipped="0">
  <testcase classname="Testng_Login.TC_1" name="testDomainField" time="133.106"/>
</testsuite> <!-- Testng_Login.TC_1 -->
